<?xml version="1.0" encoding="UTF-8"?>
<testng-results ignored="0" total="2" passed="2" failed="0" skipped="0">
  <reporter-output>
  </reporter-output>
  <suite started-at="2024-09-18T20:13:23 IST" name="Suite" finished-at="2024-09-18T20:13:27 IST" duration-ms="3883">
    <groups>
    </groups>
    <test started-at="2024-09-18T20:13:23 IST" name="Test" finished-at="2024-09-18T20:13:27 IST" duration-ms="3883">
      <class name="com.qa.testScript.Login_SauceDemo">
        <test-method is-config="true" signature="setUp()[pri:0, instance:com.qa.testScript.Login_SauceDemo@3b0090a4]" started-at="2024-09-18T20:13:18 IST" name="setUp" finished-at="2024-09-18T20:13:23 IST" duration-ms="5075" status="PASS">
          <reporter-output>
          </reporter-output>
        </test-method> <!-- setUp -->
        <test-method signature="testValidLogin(java.lang.String,java.lang.String)[pri:1, instance:com.qa.testScript.Login_SauceDemo@3b0090a4]" started-at="2024-09-18T20:13:23 IST" name="testValidLogin" finished-at="2024-09-18T20:13:26 IST" duration-ms="2993" status="PASS">
          <params>
            <param index="0">
              <value>
                <![CDATA[standard_user]]>
              </value>
            </param>
            <param index="1">
              <value>
                <![CDATA[secret_sauce]]>
              </value>
            </param>
          </params>
          <reporter-output>
          </reporter-output>
        </test-method> <!-- testValidLogin -->
        <test-method signature="testInvalidLogin()[pri:1, instance:com.qa.testScript.Login_SauceDemo@3b0090a4]" started-at="2024-09-18T20:13:26 IST" name="testInvalidLogin" finished-at="2024-09-18T20:13:27 IST" depends-on-methods="com.qa.testScript.Login_SauceDemo.testValidLogin" duration-ms="815" status="PASS">
          <reporter-output>
          </reporter-output>
        </test-method> <!-- testInvalidLogin -->
        <test-method is-config="true" signature="tearDown()[pri:0, instance:com.qa.testScript.Login_SauceDemo@3b0090a4]" started-at="2024-09-18T20:13:27 IST" name="tearDown" finished-at="2024-09-18T20:13:27 IST" duration-ms="1" status="PASS">
          <reporter-output>
          </reporter-output>
        </test-method> <!-- tearDown -->
      </class> <!-- com.qa.testScript.Login_SauceDemo -->
    </test> <!-- Test -->
  </suite> <!-- Suite -->
</testng-results>
