<?xml version="1.0" encoding="UTF-8"?>
<!-- Generated by org.testng.reporters.JUnitXMLReporter -->
<testsuite ignored="0" hostname="DESKTOP-E0RLG1G" failures="1" tests="1" name="SauceDemo-Edge" time="7.512" errors="0" timestamp="2024-09-18T19:39:30 IST">
  <testcase classname="com.qa.testScript.Login_SauceDemo" name="Login" time="0.0">
    <failure type="org.testng.TestNGException" message="
Cannot inject @Test annotated Method [Login] with [class java.lang.String, class java.lang.String].
For more information on native dependency injection please refer to https://testng.org/doc/documentation-main.html#native-dependency-injection">
      <![CDATA[org.testng.TestNGException: 
Cannot inject @Test annotated Method [Login] with [class java.lang.String, class java.lang.String].
For more information on native dependency injection please refer to https://testng.org/doc/documentation-main.html#native-dependency-injection
at java.base/java.util.ArrayList.forEach(ArrayList.java:1596)
... Removed 26 stack frames]]>
    </failure>
  </testcase> <!-- Login -->
</testsuite> <!-- SauceDemo-Edge -->
